<?xml version="1.0" encoding="UTF-8"?>
<!-- Generated by org.testng.reporters.JUnitReportReporter -->
<testsuite hostname="LAPTOP-MBU23LUA" failures="0" tests="1" name="Test.SecurityAlertpagetest" time="36.753" errors="0" timestamp="2023-04-07T16:16:19 IST" skipped="0">
  <testcase classname="Test.SecurityAlertpagetest" name="logintest" time="36.753"/>
  <system-out/>
</testsuite> <!-- Test.SecurityAlertpagetest -->
