<?xml version="1.0" encoding="UTF-8"?>
<!-- Generated by org.testng.reporters.JUnitReportReporter -->
<testsuite hostname="LAPTOP-MBU23LUA" failures="0" tests="1" name="Test.MessagetoSecuritypagetest" time="36.959" errors="0" timestamp="2023-04-07T16:37:53 IST" skipped="0">
  <testcase classname="Test.MessagetoSecuritypagetest" name="logintest" time="36.959"/>
  <system-out/>
</testsuite> <!-- Test.MessagetoSecuritypagetest -->
