<?xml version="1.0" encoding="UTF-8"?>
<!-- Generated by org.testng.reporters.JUnitReportReporter -->
<testsuite hostname="DESKTOP-TGNFLML" failures="0" tests="1" name="Test.Test" time="0.006" errors="0" timestamp="2024-02-07T18:50:01 IST" skipped="0">
  <testcase classname="Test.Test" name="Uppersearchbartest" time="0.006"/>
  <system-out/>
</testsuite> <!-- Test.Test -->
