<?xml version="1.0" encoding="UTF-8"?>
<!-- Generated by org.testng.reporters.JUnitReportReporter -->
<testsuite hostname="LAPTOP-MBU23LUA" failures="0" tests="1" name="Test.Allmodulescheck" time="35.347" errors="0" timestamp="2023-04-05T22:15:32 IST" skipped="0">
  <testcase classname="Test.Allmodulescheck" name="logintest" time="35.347"/>
  <system-out/>
</testsuite> <!-- Test.Allmodulescheck -->
