<?xml version="1.0" encoding="UTF-8"?>
<!-- Generated by org.testng.reporters.JUnitReportReporter -->
<testsuite hostname="LAPTOP-MBU23LUA" failures="0" tests="1" name="Test.PreApproveentrypagetest" time="35.467" errors="0" timestamp="2023-04-13T13:47:04 IST" skipped="0">
  <testcase classname="Test.PreApproveentrypagetest" name="logintest" time="35.467"/>
  <system-out/>
</testsuite> <!-- Test.PreApproveentrypagetest -->
