<?xml version="1.0" encoding="UTF-8"?>
<!-- Generated by org.testng.reporters.JUnitReportReporter -->
<testsuite hostname="LAPTOP-MBU23LUA" failures="0" tests="1" name="Test.SocietyMemberpagetest" time="36.488" errors="0" timestamp="2023-04-07T11:28:16 IST" skipped="0">
  <testcase classname="Test.SocietyMemberpagetest" name="logintest" time="36.488"/>
  <system-out/>
</testsuite> <!-- Test.SocietyMemberpagetest -->
