<?xml version="1.0" encoding="UTF-8"?>
<!-- Generated by org.testng.reporters.JUnitReportReporter -->
<testsuite hostname="LAPTOP-MBU23LUA" failures="0" tests="1" name="Test.RaiseComplaintspagetest" time="30.765" errors="0" timestamp="2023-04-08T13:00:04 IST" skipped="0">
  <testcase classname="Test.RaiseComplaintspagetest" name="logintest" time="30.765"/>
  <system-out/>
</testsuite> <!-- Test.RaiseComplaintspagetest -->
