<?xml version="1.0" encoding="UTF-8"?>
<!-- Generated by org.testng.reporters.JUnitReportReporter -->
<testsuite hostname="LAPTOP-MBU23LUA" failures="0" tests="1" name="Test.DailyHelperspagetest" time="38.822" errors="0" timestamp="2023-04-08T13:36:17 IST" skipped="0">
  <testcase classname="Test.DailyHelperspagetest" name="logintest" time="38.822"/>
  <system-out/>
</testsuite> <!-- Test.DailyHelperspagetest -->
