<?xml version="1.0" encoding="UTF-8"?>
<!-- Generated by org.testng.reporters.JUnitReportReporter -->
<testsuite hostname="VENOM" failures="0" tests="1" name="Test.Test" time="0.012" errors="0" timestamp="2025-02-25T23:25:25 IST" skipped="0">
  <testcase classname="Test.Test" name="Uppersearchbartest" time="0.012"/>
</testsuite> <!-- Test.Test -->
